17 [140079848982400] INFO perfrun.launcher <> - Launcher main begin
19 [140079848982400] INFO perfrun.launcher <> - MessageCatalogInit finished
19 [140079848982400] INFO perfrun.launcher <> - Launcher instance created
19 [140079848982400] INFO perfrun.launcher <> - argc = 6; cmdline = /opt/intel/2020/vtune_profiler_2020.2.0.610396/bin64/amplxe-runss -dump-vdso -r /home/hjw/program/presto_with_all_lib/intel/presto/r001hs --tmp-dir /tmp/amplxe-tmp-hjw 
30 [140079848982400] INFO perfrun.launcher <> - plugin remoteplug has been added successfully
30 [140079848982400] INFO perfrun.launcher <> - plugin system has been added successfully
30 [140079848982400] INFO perfrun.launcher <> - plugin vdso has been added successfully
30 [140079848982400] INFO perfrun.launcher <> - plugin itt has been added successfully
30 [140079848982400] INFO perfrun.launcher <> - plugin ptracecollector has been added successfully
30 [140079848982400] INFO perfrun.launcher <> - plugin gpu has been added successfully
30 [140079848982400] INFO perfrun.launcher <> - plugin  has been added successfully
30 [140079848982400] INFO perfrun.launcher <> - plugin  has been added successfully
30 [140079848982400] INFO perfrun.launcher <> - plugin  has been added successfully
30 [140079848982400] INFO perfrun.launcher <> - plugin mrte has been added successfully
30 [140079848982400] INFO perfrun.launcher <> - plugin emon has been added successfully
30 [140079848982400] INFO perfrun.launcher <> - plugin cuscol has been added successfully
31 [140079848982400] INFO perfrun.launcher <> - plugin stdsrc has been added successfully
31 [140079848982400] INFO perfrun.launcher <> - plugin sep has been added successfully
31 [140079848982400] INFO perfrun.launcher <> - plugin vtsspp has been added successfully
31 [140079848982400] INFO perfrun.sdk <> - Reading value (2) from file: /proc/sys/kernel/perf_event_paranoid
31 [140079848982400] INFO perfrun.perfcollector <> - checking access to: /opt/intel/2020/vtune_profiler_2020.2.0.610396/bin64/amplxe-perf-priv
38 [140079848982400] INFO perfrun.perfcollector <> - cpu: family = 6 model = 85
38 [140079848982400] INFO perfrun.perfcollector <> - dir found : /sys/bus/event_source/devices/cpu
38 [140079848982400] INFO perfrun.perfcollector <> - format: pc config:19 mask:19
38 [140079848982400] INFO perfrun.perfcollector <> - format: any config:21 mask:21
38 [140079848982400] INFO perfrun.perfcollector <> - format: inv config:23 mask:23
38 [140079848982400] INFO perfrun.perfcollector <> - format: edge config:18 mask:18
38 [140079848982400] INFO perfrun.perfcollector <> - format: cmask config:24-31 mask:24-31
38 [140079848982400] INFO perfrun.perfcollector <> - format: event config:0-7 mask:0-7
38 [140079848982400] INFO perfrun.perfcollector <> - format: in_tx config:32 mask:32
38 [140079848982400] INFO perfrun.perfcollector <> - format: ldlat config1:0-15 mask:0-15
38 [140079848982400] INFO perfrun.perfcollector <> - format: umask config:8-15 mask:8-15
38 [140079848982400] INFO perfrun.perfcollector <> - format: in_tx_cp config:33 mask:33
38 [140079848982400] INFO perfrun.perfcollector <> - format: frontend config1:0-23 mask:0-23
39 [140079848982400] INFO perfrun.perfcollector <> - format: offcore_rsp config1:0-63 mask:0-63
39 [140079848982400] INFO perfrun.perfcollector <> - hwInfo : PERF_CPU_PMU_DETAILS
39 [140079848982400] INFO perfrun.perfcollector <> - pmu added : family : cpu , id : 0
39 [140079848982400] INFO perfrun.perfcollector <> - dir found : /sys/bus/event_source/devices/msr
39 [140079848982400] INFO perfrun.perfcollector <> - format: event config:0-63 mask:0-63
39 [140079848982400] WARN perfrun.perfcollector <> - pmu hwInfo is not set, at file: vcs/perfrun1/plugins/perfcollector/src/controller.cpp:779
39 [140079848982400] INFO perfrun.perfcollector <> - pmu added : family : msr , id : 0
39 [140079848982400] INFO perfrun.perfcollector <> - dir found : /sys/bus/event_source/devices/software
39 [140079848982400] WARN perfrun.perfcollector <> - format subdir doesn't exist, at file: vcs/perfrun1/plugins/perfcollector/src/controller.cpp:685
39 [140079848982400] WARN perfrun.perfcollector <> - pmu hwInfo is not set, at file: vcs/perfrun1/plugins/perfcollector/src/controller.cpp:779
39 [140079848982400] INFO perfrun.perfcollector <> - pmu added : family : software , id : 0
39 [140079848982400] INFO perfrun.perfcollector <> - dir found : /sys/bus/event_source/devices/power
39 [140079848982400] INFO perfrun.perfcollector <> - format: event config:0-7 mask:0-7
39 [140079848982400] WARN perfrun.perfcollector <> - pmu hwInfo is not set, at file: vcs/perfrun1/plugins/perfcollector/src/controller.cpp:779
39 [140079848982400] INFO perfrun.perfcollector <> - pmu added : family : power , id : 0
39 [140079848982400] INFO perfrun.perfcollector <> - dir found : /sys/bus/event_source/devices/uncore_pcu
39 [140079848982400] INFO perfrun.perfcollector <> - format: inv config:23 mask:23
39 [140079848982400] INFO perfrun.perfcollector <> - format: occ_invert config:30 mask:30
39 [140079848982400] INFO perfrun.perfcollector <> - format: edge config:18 mask:18
39 [140079848982400] INFO perfrun.perfcollector <> - format: event config:0-7 mask:0-7
39 [140079848982400] INFO perfrun.perfcollector <> - format: umask config:8-15 mask:8-15
39 [140079848982400] INFO perfrun.perfcollector <> - format: thresh config:24-31 mask:24-31
39 [140079848982400] INFO perfrun.perfcollector <> - format: filter_band0 config1:0-7 mask:0-7
39 [140079848982400] INFO perfrun.perfcollector <> - format: filter_band1 config1:8-15 mask:8-15
39 [140079848982400] INFO perfrun.perfcollector <> - format: filter_band2 config1:16-23 mask:16-23
39 [140079848982400] INFO perfrun.perfcollector <> - format: filter_band3 config1:24-31 mask:24-31
39 [140079848982400] INFO perfrun.perfcollector <> - format: occ_edge_det config:31 mask:31
39 [140079848982400] WARN perfrun.perfcollector <> - pmu hwInfo is not set, at file: vcs/perfrun1/plugins/perfcollector/src/controller.cpp:779
39 [140079848982400] INFO perfrun.perfcollector <> - pmu added : family : uncore_pcu , id : 0
39 [140079848982400] INFO perfrun.perfcollector <> - dir found : /sys/bus/event_source/devices/tracepoint
39 [140079848982400] WARN perfrun.perfcollector <> - format subdir doesn't exist, at file: vcs/perfrun1/plugins/perfcollector/src/controller.cpp:685
39 [140079848982400] WARN perfrun.perfcollector <> - pmu hwInfo is not set, at file: vcs/perfrun1/plugins/perfcollector/src/controller.cpp:779
39 [140079848982400] INFO perfrun.perfcollector <> - pmu added : family : tracepoint , id : 0
39 [140079848982400] INFO perfrun.perfcollector <> - dir found : /sys/bus/event_source/devices/uncore_cha_0
39 [140079848982400] INFO perfrun.perfcollector <> - format: inv config:23 mask:23
39 [140079848982400] INFO perfrun.perfcollector <> - format: edge config:18 mask:18
39 [140079848982400] INFO perfrun.perfcollector <> - format: event config:0-7 mask:0-7
39 [140079848982400] INFO perfrun.perfcollector <> - format: umask config:8-15 mask:8-15
40 [140079848982400] INFO perfrun.perfcollector <> - format: filter_nc config1:62 mask:62
40 [140079848982400] INFO perfrun.perfcollector <> - format: filter_nm config1:36 mask:36
40 [140079848982400] INFO perfrun.perfcollector <> - format: filter_isoc config1:63 mask:63
40 [140079848982400] INFO perfrun.perfcollector <> - format: filter_opc0 config1:41-50 mask:41-50
40 [140079848982400] INFO perfrun.perfcollector <> - format: filter_opc1 config1:51-60 mask:51-60
40 [140079848982400] INFO perfrun.perfcollector <> - format: filter_loc config1:33 mask:33
40 [140079848982400] INFO perfrun.perfcollector <> - format: filter_rem config1:32 mask:32
40 [140079848982400] INFO perfrun.perfcollector <> - format: filter_tid config1:0-8 mask:0-8
40 [140079848982400] INFO perfrun.perfcollector <> - format: filter_all_op config1:35 mask:35
40 [140079848982400] INFO perfrun.perfcollector <> - format: tid_en config:19 mask:19
40 [140079848982400] INFO perfrun.perfcollector <> - format: thresh config:24-31 mask:24-31
40 [140079848982400] INFO perfrun.perfcollector <> - format: filter_state config1:17-26 mask:17-26
40 [140079848982400] INFO perfrun.perfcollector <> - format: filter_not_nm config1:37 mask:37
40 [140079848982400] INFO perfrun.perfcollector <> - hwInfo : PERF_CHA_PMU_DETAILS
40 [140079848982400] INFO perfrun.perfcollector <> - pmu added : family : uncore_cha , id : 0
40 [140079848982400] INFO perfrun.perfcollector <> - dir found : /sys/bus/event_source/devices/uncore_cha_1
40 [140079848982400] INFO perfrun.perfcollector <> - format: inv config:23 mask:23
40 [140079848982400] INFO perfrun.perfcollector <> - format: edge config:18 mask:18
40 [140079848982400] INFO perfrun.perfcollector <> - format: event config:0-7 mask:0-7
40 [140079848982400] INFO perfrun.perfcollector <> - format: umask config:8-15 mask:8-15
40 [140079848982400] INFO perfrun.perfcollector <> - format: filter_nc config1:62 mask:62
40 [140079848982400] INFO perfrun.perfcollector <> - format: filter_nm config1:36 mask:36
40 [140079848982400] INFO perfrun.perfcollector <> - format: filter_isoc config1:63 mask:63
40 [140079848982400] INFO perfrun.perfcollector <> - format: filter_opc0 config1:41-50 mask:41-50
40 [140079848982400] INFO perfrun.perfcollector <> - format: filter_opc1 config1:51-60 mask:51-60
40 [140079848982400] INFO perfrun.perfcollector <> - format: filter_loc config1:33 mask:33
40 [140079848982400] INFO perfrun.perfcollector <> - format: filter_rem config1:32 mask:32
40 [140079848982400] INFO perfrun.perfcollector <> - format: filter_tid config1:0-8 mask:0-8
40 [140079848982400] INFO perfrun.perfcollector <> - format: filter_all_op config1:35 mask:35
40 [140079848982400] INFO perfrun.perfcollector <> - format: tid_en config:19 mask:19
40 [140079848982400] INFO perfrun.perfcollector <> - format: thresh config:24-31 mask:24-31
40 [140079848982400] INFO perfrun.perfcollector <> - format: filter_state config1:17-26 mask:17-26
40 [140079848982400] INFO perfrun.perfcollector <> - format: filter_not_nm config1:37 mask:37
40 [140079848982400] INFO perfrun.perfcollector <> - hwInfo : PERF_CHA_PMU_DETAILS
40 [140079848982400] INFO perfrun.perfcollector <> - pmu added : family : uncore_cha , id : 1
40 [140079848982400] INFO perfrun.perfcollector <> - dir found : /sys/bus/event_source/devices/uncore_cha_2
40 [140079848982400] INFO perfrun.perfcollector <> - format: inv config:23 mask:23
40 [140079848982400] INFO perfrun.perfcollector <> - format: edge config:18 mask:18
40 [140079848982400] INFO perfrun.perfcollector <> - format: event config:0-7 mask:0-7
41 [140079848982400] INFO perfrun.perfcollector <> - format: umask config:8-15 mask:8-15
41 [140079848982400] INFO perfrun.perfcollector <> - format: filter_nc config1:62 mask:62
41 [140079848982400] INFO perfrun.perfcollector <> - format: filter_nm config1:36 mask:36
41 [140079848982400] INFO perfrun.perfcollector <> - format: filter_isoc config1:63 mask:63
41 [140079848982400] INFO perfrun.perfcollector <> - format: filter_opc0 config1:41-50 mask:41-50
41 [140079848982400] INFO perfrun.perfcollector <> - format: filter_opc1 config1:51-60 mask:51-60
41 [140079848982400] INFO perfrun.perfcollector <> - format: filter_loc config1:33 mask:33
41 [140079848982400] INFO perfrun.perfcollector <> - format: filter_rem config1:32 mask:32
41 [140079848982400] INFO perfrun.perfcollector <> - format: filter_tid config1:0-8 mask:0-8
41 [140079848982400] INFO perfrun.perfcollector <> - format: filter_all_op config1:35 mask:35
41 [140079848982400] INFO perfrun.perfcollector <> - format: tid_en config:19 mask:19
41 [140079848982400] INFO perfrun.perfcollector <> - format: thresh config:24-31 mask:24-31
41 [140079848982400] INFO perfrun.perfcollector <> - format: filter_state config1:17-26 mask:17-26
41 [140079848982400] INFO perfrun.perfcollector <> - format: filter_not_nm config1:37 mask:37
41 [140079848982400] INFO perfrun.perfcollector <> - hwInfo : PERF_CHA_PMU_DETAILS
41 [140079848982400] INFO perfrun.perfcollector <> - pmu added : family : uncore_cha , id : 2
41 [140079848982400] INFO perfrun.perfcollector <> - dir found : /sys/bus/event_source/devices/uncore_cha_3
41 [140079848982400] INFO perfrun.perfcollector <> - format: inv config:23 mask:23
41 [140079848982400] INFO perfrun.perfcollector <> - format: edge config:18 mask:18
41 [140079848982400] INFO perfrun.perfcollector <> - format: event config:0-7 mask:0-7
41 [140079848982400] INFO perfrun.perfcollector <> - format: umask config:8-15 mask:8-15
41 [140079848982400] INFO perfrun.perfcollector <> - format: filter_nc config1:62 mask:62
41 [140079848982400] INFO perfrun.perfcollector <> - format: filter_nm config1:36 mask:36
41 [140079848982400] INFO perfrun.perfcollector <> - format: filter_isoc config1:63 mask:63
41 [140079848982400] INFO perfrun.perfcollector <> - format: filter_opc0 config1:41-50 mask:41-50
41 [140079848982400] INFO perfrun.perfcollector <> - format: filter_opc1 config1:51-60 mask:51-60
41 [140079848982400] INFO perfrun.perfcollector <> - format: filter_loc config1:33 mask:33
41 [140079848982400] INFO perfrun.perfcollector <> - format: filter_rem config1:32 mask:32
41 [140079848982400] INFO perfrun.perfcollector <> - format: filter_tid config1:0-8 mask:0-8
41 [140079848982400] INFO perfrun.perfcollector <> - format: filter_all_op config1:35 mask:35
41 [140079848982400] INFO perfrun.perfcollector <> - format: tid_en config:19 mask:19
41 [140079848982400] INFO perfrun.perfcollector <> - format: thresh config:24-31 mask:24-31
41 [140079848982400] INFO perfrun.perfcollector <> - format: filter_state config1:17-26 mask:17-26
41 [140079848982400] INFO perfrun.perfcollector <> - format: filter_not_nm config1:37 mask:37
41 [140079848982400] INFO perfrun.perfcollector <> - hwInfo : PERF_CHA_PMU_DETAILS
41 [140079848982400] INFO perfrun.perfcollector <> - pmu added : family : uncore_cha , id : 3
41 [140079848982400] INFO perfrun.perfcollector <> - dir found : /sys/bus/event_source/devices/uncore_cha_4
41 [140079848982400] INFO perfrun.perfcollector <> - format: inv config:23 mask:23
41 [140079848982400] INFO perfrun.perfcollector <> - format: edge config:18 mask:18
41 [140079848982400] INFO perfrun.perfcollector <> - format: event config:0-7 mask:0-7
42 [140079848982400] INFO perfrun.perfcollector <> - format: umask config:8-15 mask:8-15
42 [140079848982400] INFO perfrun.perfcollector <> - format: filter_nc config1:62 mask:62
42 [140079848982400] INFO perfrun.perfcollector <> - format: filter_nm config1:36 mask:36
42 [140079848982400] INFO perfrun.perfcollector <> - format: filter_isoc config1:63 mask:63
42 [140079848982400] INFO perfrun.perfcollector <> - format: filter_opc0 config1:41-50 mask:41-50
42 [140079848982400] INFO perfrun.perfcollector <> - format: filter_opc1 config1:51-60 mask:51-60
42 [140079848982400] INFO perfrun.perfcollector <> - format: filter_loc config1:33 mask:33
42 [140079848982400] INFO perfrun.perfcollector <> - format: filter_rem config1:32 mask:32
42 [140079848982400] INFO perfrun.perfcollector <> - format: filter_tid config1:0-8 mask:0-8
42 [140079848982400] INFO perfrun.perfcollector <> - format: filter_all_op config1:35 mask:35
42 [140079848982400] INFO perfrun.perfcollector <> - format: tid_en config:19 mask:19
42 [140079848982400] INFO perfrun.perfcollector <> - format: thresh config:24-31 mask:24-31
42 [140079848982400] INFO perfrun.perfcollector <> - format: filter_state config1:17-26 mask:17-26
42 [140079848982400] INFO perfrun.perfcollector <> - format: filter_not_nm config1:37 mask:37
42 [140079848982400] INFO perfrun.perfcollector <> - hwInfo : PERF_CHA_PMU_DETAILS
42 [140079848982400] INFO perfrun.perfcollector <> - pmu added : family : uncore_cha , id : 4
42 [140079848982400] INFO perfrun.perfcollector <> - dir found : /sys/bus/event_source/devices/uncore_cha_5
42 [140079848982400] INFO perfrun.perfcollector <> - format: inv config:23 mask:23
42 [140079848982400] INFO perfrun.perfcollector <> - format: edge config:18 mask:18
42 [140079848982400] INFO perfrun.perfcollector <> - format: event config:0-7 mask:0-7
42 [140079848982400] INFO perfrun.perfcollector <> - format: umask config:8-15 mask:8-15
42 [140079848982400] INFO perfrun.perfcollector <> - format: filter_nc config1:62 mask:62
42 [140079848982400] INFO perfrun.perfcollector <> - format: filter_nm config1:36 mask:36
42 [140079848982400] INFO perfrun.perfcollector <> - format: filter_isoc config1:63 mask:63
42 [140079848982400] INFO perfrun.perfcollector <> - format: filter_opc0 config1:41-50 mask:41-50
42 [140079848982400] INFO perfrun.perfcollector <> - format: filter_opc1 config1:51-60 mask:51-60
42 [140079848982400] INFO perfrun.perfcollector <> - format: filter_loc config1:33 mask:33
42 [140079848982400] INFO perfrun.perfcollector <> - format: filter_rem config1:32 mask:32
42 [140079848982400] INFO perfrun.perfcollector <> - format: filter_tid config1:0-8 mask:0-8
42 [140079848982400] INFO perfrun.perfcollector <> - format: filter_all_op config1:35 mask:35
42 [140079848982400] INFO perfrun.perfcollector <> - format: tid_en config:19 mask:19
42 [140079848982400] INFO perfrun.perfcollector <> - format: thresh config:24-31 mask:24-31
42 [140079848982400] INFO perfrun.perfcollector <> - format: filter_state config1:17-26 mask:17-26
42 [140079848982400] INFO perfrun.perfcollector <> - format: filter_not_nm config1:37 mask:37
42 [140079848982400] INFO perfrun.perfcollector <> - hwInfo : PERF_CHA_PMU_DETAILS
42 [140079848982400] INFO perfrun.perfcollector <> - pmu added : family : uncore_cha , id : 5
42 [140079848982400] INFO perfrun.perfcollector <> - dir found : /sys/bus/event_source/devices/uncore_cha_6
42 [140079848982400] INFO perfrun.perfcollector <> - format: inv config:23 mask:23
42 [140079848982400] INFO perfrun.perfcollector <> - format: edge config:18 mask:18
43 [140079848982400] INFO perfrun.perfcollector <> - format: event config:0-7 mask:0-7
43 [140079848982400] INFO perfrun.perfcollector <> - format: umask config:8-15 mask:8-15
43 [140079848982400] INFO perfrun.perfcollector <> - format: filter_nc config1:62 mask:62
43 [140079848982400] INFO perfrun.perfcollector <> - format: filter_nm config1:36 mask:36
43 [140079848982400] INFO perfrun.perfcollector <> - format: filter_isoc config1:63 mask:63
43 [140079848982400] INFO perfrun.perfcollector <> - format: filter_opc0 config1:41-50 mask:41-50
43 [140079848982400] INFO perfrun.perfcollector <> - format: filter_opc1 config1:51-60 mask:51-60
43 [140079848982400] INFO perfrun.perfcollector <> - format: filter_loc config1:33 mask:33
43 [140079848982400] INFO perfrun.perfcollector <> - format: filter_rem config1:32 mask:32
43 [140079848982400] INFO perfrun.perfcollector <> - format: filter_tid config1:0-8 mask:0-8
43 [140079848982400] INFO perfrun.perfcollector <> - format: filter_all_op config1:35 mask:35
43 [140079848982400] INFO perfrun.perfcollector <> - format: tid_en config:19 mask:19
43 [140079848982400] INFO perfrun.perfcollector <> - format: thresh config:24-31 mask:24-31
43 [140079848982400] INFO perfrun.perfcollector <> - format: filter_state config1:17-26 mask:17-26
43 [140079848982400] INFO perfrun.perfcollector <> - format: filter_not_nm config1:37 mask:37
43 [140079848982400] INFO perfrun.perfcollector <> - hwInfo : PERF_CHA_PMU_DETAILS
43 [140079848982400] INFO perfrun.perfcollector <> - pmu added : family : uncore_cha , id : 6
43 [140079848982400] INFO perfrun.perfcollector <> - dir found : /sys/bus/event_source/devices/uncore_cha_7
43 [140079848982400] INFO perfrun.perfcollector <> - format: inv config:23 mask:23
43 [140079848982400] INFO perfrun.perfcollector <> - format: edge config:18 mask:18
43 [140079848982400] INFO perfrun.perfcollector <> - format: event config:0-7 mask:0-7
43 [140079848982400] INFO perfrun.perfcollector <> - format: umask config:8-15 mask:8-15
43 [140079848982400] INFO perfrun.perfcollector <> - format: filter_nc config1:62 mask:62
43 [140079848982400] INFO perfrun.perfcollector <> - format: filter_nm config1:36 mask:36
43 [140079848982400] INFO perfrun.perfcollector <> - format: filter_isoc config1:63 mask:63
43 [140079848982400] INFO perfrun.perfcollector <> - format: filter_opc0 config1:41-50 mask:41-50
43 [140079848982400] INFO perfrun.perfcollector <> - format: filter_opc1 config1:51-60 mask:51-60
43 [140079848982400] INFO perfrun.perfcollector <> - format: filter_loc config1:33 mask:33
43 [140079848982400] INFO perfrun.perfcollector <> - format: filter_rem config1:32 mask:32
43 [140079848982400] INFO perfrun.perfcollector <> - format: filter_tid config1:0-8 mask:0-8
43 [140079848982400] INFO perfrun.perfcollector <> - format: filter_all_op config1:35 mask:35
43 [140079848982400] INFO perfrun.perfcollector <> - format: tid_en config:19 mask:19
43 [140079848982400] INFO perfrun.perfcollector <> - format: thresh config:24-31 mask:24-31
43 [140079848982400] INFO perfrun.perfcollector <> - format: filter_state config1:17-26 mask:17-26
43 [140079848982400] INFO perfrun.perfcollector <> - format: filter_not_nm config1:37 mask:37
43 [140079848982400] INFO perfrun.perfcollector <> - hwInfo : PERF_CHA_PMU_DETAILS
43 [140079848982400] INFO perfrun.perfcollector <> - pmu added : family : uncore_cha , id : 7
43 [140079848982400] INFO perfrun.perfcollector <> - dir found : /sys/bus/event_source/devices/uncore_cha_8
43 [140079848982400] INFO perfrun.perfcollector <> - format: inv config:23 mask:23
44 [140079848982400] INFO perfrun.perfcollector <> - format: edge config:18 mask:18
44 [140079848982400] INFO perfrun.perfcollector <> - format: event config:0-7 mask:0-7
44 [140079848982400] INFO perfrun.perfcollector <> - format: umask config:8-15 mask:8-15
44 [140079848982400] INFO perfrun.perfcollector <> - format: filter_nc config1:62 mask:62
44 [140079848982400] INFO perfrun.perfcollector <> - format: filter_nm config1:36 mask:36
44 [140079848982400] INFO perfrun.perfcollector <> - format: filter_isoc config1:63 mask:63
44 [140079848982400] INFO perfrun.perfcollector <> - format: filter_opc0 config1:41-50 mask:41-50
44 [140079848982400] INFO perfrun.perfcollector <> - format: filter_opc1 config1:51-60 mask:51-60
44 [140079848982400] INFO perfrun.perfcollector <> - format: filter_loc config1:33 mask:33
44 [140079848982400] INFO perfrun.perfcollector <> - format: filter_rem config1:32 mask:32
44 [140079848982400] INFO perfrun.perfcollector <> - format: filter_tid config1:0-8 mask:0-8
44 [140079848982400] INFO perfrun.perfcollector <> - format: filter_all_op config1:35 mask:35
44 [140079848982400] INFO perfrun.perfcollector <> - format: tid_en config:19 mask:19
44 [140079848982400] INFO perfrun.perfcollector <> - format: thresh config:24-31 mask:24-31
44 [140079848982400] INFO perfrun.perfcollector <> - format: filter_state config1:17-26 mask:17-26
44 [140079848982400] INFO perfrun.perfcollector <> - format: filter_not_nm config1:37 mask:37
44 [140079848982400] INFO perfrun.perfcollector <> - hwInfo : PERF_CHA_PMU_DETAILS
44 [140079848982400] INFO perfrun.perfcollector <> - pmu added : family : uncore_cha , id : 8
44 [140079848982400] INFO perfrun.perfcollector <> - dir found : /sys/bus/event_source/devices/uncore_cha_9
44 [140079848982400] INFO perfrun.perfcollector <> - format: inv config:23 mask:23
44 [140079848982400] INFO perfrun.perfcollector <> - format: edge config:18 mask:18
44 [140079848982400] INFO perfrun.perfcollector <> - format: event config:0-7 mask:0-7
44 [140079848982400] INFO perfrun.perfcollector <> - format: umask config:8-15 mask:8-15
44 [140079848982400] INFO perfrun.perfcollector <> - format: filter_nc config1:62 mask:62
44 [140079848982400] INFO perfrun.perfcollector <> - format: filter_nm config1:36 mask:36
44 [140079848982400] INFO perfrun.perfcollector <> - format: filter_isoc config1:63 mask:63
44 [140079848982400] INFO perfrun.perfcollector <> - format: filter_opc0 config1:41-50 mask:41-50
44 [140079848982400] INFO perfrun.perfcollector <> - format: filter_opc1 config1:51-60 mask:51-60
44 [140079848982400] INFO perfrun.perfcollector <> - format: filter_loc config1:33 mask:33
44 [140079848982400] INFO perfrun.perfcollector <> - format: filter_rem config1:32 mask:32
44 [140079848982400] INFO perfrun.perfcollector <> - format: filter_tid config1:0-8 mask:0-8
44 [140079848982400] INFO perfrun.perfcollector <> - format: filter_all_op config1:35 mask:35
44 [140079848982400] INFO perfrun.perfcollector <> - format: tid_en config:19 mask:19
44 [140079848982400] INFO perfrun.perfcollector <> - format: thresh config:24-31 mask:24-31
44 [140079848982400] INFO perfrun.perfcollector <> - format: filter_state config1:17-26 mask:17-26
44 [140079848982400] INFO perfrun.perfcollector <> - format: filter_not_nm config1:37 mask:37
44 [140079848982400] INFO perfrun.perfcollector <> - hwInfo : PERF_CHA_PMU_DETAILS
44 [140079848982400] INFO perfrun.perfcollector <> - pmu added : family : uncore_cha , id : 9
44 [140079848982400] INFO perfrun.perfcollector <> - dir found : /sys/bus/event_source/devices/uncore_m2m_0
44 [140079848982400] INFO perfrun.perfcollector <> - format: inv config:23 mask:23
45 [140079848982400] INFO perfrun.perfcollector <> - format: edge config:18 mask:18
45 [140079848982400] INFO perfrun.perfcollector <> - format: event config:0-7 mask:0-7
45 [140079848982400] INFO perfrun.perfcollector <> - format: umask config:8-15 mask:8-15
45 [140079848982400] INFO perfrun.perfcollector <> - format: thresh config:24-31 mask:24-31
45 [140079848982400] INFO perfrun.perfcollector <> - hwInfo : PERF_M2M_PMU_DETAILS
45 [140079848982400] INFO perfrun.perfcollector <> - pmu added : family : uncore_m2m , id : 0
45 [140079848982400] INFO perfrun.perfcollector <> - dir found : /sys/bus/event_source/devices/uncore_m2m_1
45 [140079848982400] INFO perfrun.perfcollector <> - format: inv config:23 mask:23
45 [140079848982400] INFO perfrun.perfcollector <> - format: edge config:18 mask:18
45 [140079848982400] INFO perfrun.perfcollector <> - format: event config:0-7 mask:0-7
45 [140079848982400] INFO perfrun.perfcollector <> - format: umask config:8-15 mask:8-15
45 [140079848982400] INFO perfrun.perfcollector <> - format: thresh config:24-31 mask:24-31
45 [140079848982400] INFO perfrun.perfcollector <> - hwInfo : PERF_M2M_PMU_DETAILS
45 [140079848982400] INFO perfrun.perfcollector <> - pmu added : family : uncore_m2m , id : 1
45 [140079848982400] INFO perfrun.perfcollector <> - dir found : /sys/bus/event_source/devices/uncore_iio_0
45 [140079848982400] INFO perfrun.perfcollector <> - format: inv config:23 mask:23
45 [140079848982400] INFO perfrun.perfcollector <> - format: edge config:18 mask:18
45 [140079848982400] INFO perfrun.perfcollector <> - format: event config:0-7 mask:0-7
45 [140079848982400] INFO perfrun.perfcollector <> - format: umask config:8-15 mask:8-15
45 [140079848982400] INFO perfrun.perfcollector <> - format: fc_mask config:44-46 mask:44-46
45 [140079848982400] INFO perfrun.perfcollector <> - format: thresh config:24-35 mask:24-35
45 [140079848982400] INFO perfrun.perfcollector <> - format: ch_mask config:36-43 mask:36-43
45 [140079848982400] INFO perfrun.perfcollector <> - hwInfo : PERF_IIO_PMU_DETAILS
45 [140079848982400] INFO perfrun.perfcollector <> - pmu added : family : uncore_iio , id : 0
45 [140079848982400] INFO perfrun.perfcollector <> - dir found : /sys/bus/event_source/devices/uncore_iio_1
45 [140079848982400] INFO perfrun.perfcollector <> - format: inv config:23 mask:23
45 [140079848982400] INFO perfrun.perfcollector <> - format: edge config:18 mask:18
45 [140079848982400] INFO perfrun.perfcollector <> - format: event config:0-7 mask:0-7
45 [140079848982400] INFO perfrun.perfcollector <> - format: umask config:8-15 mask:8-15
45 [140079848982400] INFO perfrun.perfcollector <> - format: fc_mask config:44-46 mask:44-46
45 [140079848982400] INFO perfrun.perfcollector <> - format: thresh config:24-35 mask:24-35
45 [140079848982400] INFO perfrun.perfcollector <> - format: ch_mask config:36-43 mask:36-43
45 [140079848982400] INFO perfrun.perfcollector <> - hwInfo : PERF_IIO_PMU_DETAILS
45 [140079848982400] INFO perfrun.perfcollector <> - pmu added : family : uncore_iio , id : 1
45 [140079848982400] INFO perfrun.perfcollector <> - dir found : /sys/bus/event_source/devices/uncore_iio_2
45 [140079848982400] INFO perfrun.perfcollector <> - format: inv config:23 mask:23
45 [140079848982400] INFO perfrun.perfcollector <> - format: edge config:18 mask:18
45 [140079848982400] INFO perfrun.perfcollector <> - format: event config:0-7 mask:0-7
45 [140079848982400] INFO perfrun.perfcollector <> - format: umask config:8-15 mask:8-15
45 [140079848982400] INFO perfrun.perfcollector <> - format: fc_mask config:44-46 mask:44-46
46 [140079848982400] INFO perfrun.perfcollector <> - format: thresh config:24-35 mask:24-35
46 [140079848982400] INFO perfrun.perfcollector <> - format: ch_mask config:36-43 mask:36-43
46 [140079848982400] INFO perfrun.perfcollector <> - hwInfo : PERF_IIO_PMU_DETAILS
46 [140079848982400] INFO perfrun.perfcollector <> - pmu added : family : uncore_iio , id : 2
46 [140079848982400] INFO perfrun.perfcollector <> - dir found : /sys/bus/event_source/devices/uncore_iio_3
46 [140079848982400] INFO perfrun.perfcollector <> - format: inv config:23 mask:23
46 [140079848982400] INFO perfrun.perfcollector <> - format: edge config:18 mask:18
46 [140079848982400] INFO perfrun.perfcollector <> - format: event config:0-7 mask:0-7
46 [140079848982400] INFO perfrun.perfcollector <> - format: umask config:8-15 mask:8-15
46 [140079848982400] INFO perfrun.perfcollector <> - format: fc_mask config:44-46 mask:44-46
46 [140079848982400] INFO perfrun.perfcollector <> - format: thresh config:24-35 mask:24-35
46 [140079848982400] INFO perfrun.perfcollector <> - format: ch_mask config:36-43 mask:36-43
46 [140079848982400] INFO perfrun.perfcollector <> - hwInfo : PERF_IIO_PMU_DETAILS
46 [140079848982400] INFO perfrun.perfcollector <> - pmu added : family : uncore_iio , id : 3
46 [140079848982400] INFO perfrun.perfcollector <> - dir found : /sys/bus/event_source/devices/uncore_iio_4
46 [140079848982400] INFO perfrun.perfcollector <> - format: inv config:23 mask:23
46 [140079848982400] INFO perfrun.perfcollector <> - format: edge config:18 mask:18
46 [140079848982400] INFO perfrun.perfcollector <> - format: event config:0-7 mask:0-7
46 [140079848982400] INFO perfrun.perfcollector <> - format: umask config:8-15 mask:8-15
46 [140079848982400] INFO perfrun.perfcollector <> - format: fc_mask config:44-46 mask:44-46
46 [140079848982400] INFO perfrun.perfcollector <> - format: thresh config:24-35 mask:24-35
46 [140079848982400] INFO perfrun.perfcollector <> - format: ch_mask config:36-43 mask:36-43
46 [140079848982400] INFO perfrun.perfcollector <> - hwInfo : PERF_IIO_PMU_DETAILS
46 [140079848982400] INFO perfrun.perfcollector <> - pmu added : family : uncore_iio , id : 4
46 [140079848982400] INFO perfrun.perfcollector <> - dir found : /sys/bus/event_source/devices/uncore_iio_5
46 [140079848982400] INFO perfrun.perfcollector <> - format: inv config:23 mask:23
46 [140079848982400] INFO perfrun.perfcollector <> - format: edge config:18 mask:18
46 [140079848982400] INFO perfrun.perfcollector <> - format: event config:0-7 mask:0-7
46 [140079848982400] INFO perfrun.perfcollector <> - format: umask config:8-15 mask:8-15
46 [140079848982400] INFO perfrun.perfcollector <> - format: fc_mask config:44-46 mask:44-46
46 [140079848982400] INFO perfrun.perfcollector <> - format: thresh config:24-35 mask:24-35
46 [140079848982400] INFO perfrun.perfcollector <> - format: ch_mask config:36-43 mask:36-43
46 [140079848982400] INFO perfrun.perfcollector <> - hwInfo : PERF_IIO_PMU_DETAILS
46 [140079848982400] INFO perfrun.perfcollector <> - pmu added : family : uncore_iio , id : 5
46 [140079848982400] INFO perfrun.perfcollector <> - dir found : /sys/bus/event_source/devices/uncore_imc_0
46 [140079848982400] INFO perfrun.perfcollector <> - format: inv config:23 mask:23
46 [140079848982400] INFO perfrun.perfcollector <> - format: edge config:18 mask:18
46 [140079848982400] INFO perfrun.perfcollector <> - format: event config:0-7 mask:0-7
46 [140079848982400] INFO perfrun.perfcollector <> - format: umask config:8-15 mask:8-15
46 [140079848982400] INFO perfrun.perfcollector <> - format: thresh config:24-31 mask:24-31
47 [140079848982400] INFO perfrun.perfcollector <> - hwInfo : PERF_IMC_PMU_DETAILS
47 [140079848982400] INFO perfrun.perfcollector <> - pmu added : family : uncore_imc , id : 0
47 [140079848982400] INFO perfrun.perfcollector <> - dir found : /sys/bus/event_source/devices/uncore_imc_1
47 [140079848982400] INFO perfrun.perfcollector <> - format: inv config:23 mask:23
47 [140079848982400] INFO perfrun.perfcollector <> - format: edge config:18 mask:18
47 [140079848982400] INFO perfrun.perfcollector <> - format: event config:0-7 mask:0-7
47 [140079848982400] INFO perfrun.perfcollector <> - format: umask config:8-15 mask:8-15
47 [140079848982400] INFO perfrun.perfcollector <> - format: thresh config:24-31 mask:24-31
47 [140079848982400] INFO perfrun.perfcollector <> - hwInfo : PERF_IMC_PMU_DETAILS
47 [140079848982400] INFO perfrun.perfcollector <> - pmu added : family : uncore_imc , id : 1
47 [140079848982400] INFO perfrun.perfcollector <> - dir found : /sys/bus/event_source/devices/uncore_imc_2
47 [140079848982400] INFO perfrun.perfcollector <> - format: inv config:23 mask:23
47 [140079848982400] INFO perfrun.perfcollector <> - format: edge config:18 mask:18
47 [140079848982400] INFO perfrun.perfcollector <> - format: event config:0-7 mask:0-7
47 [140079848982400] INFO perfrun.perfcollector <> - format: umask config:8-15 mask:8-15
47 [140079848982400] INFO perfrun.perfcollector <> - format: thresh config:24-31 mask:24-31
47 [140079848982400] INFO perfrun.perfcollector <> - hwInfo : PERF_IMC_PMU_DETAILS
47 [140079848982400] INFO perfrun.perfcollector <> - pmu added : family : uncore_imc , id : 2
47 [140079848982400] INFO perfrun.perfcollector <> - dir found : /sys/bus/event_source/devices/uncore_imc_3
47 [140079848982400] INFO perfrun.perfcollector <> - format: inv config:23 mask:23
47 [140079848982400] INFO perfrun.perfcollector <> - format: edge config:18 mask:18
47 [140079848982400] INFO perfrun.perfcollector <> - format: event config:0-7 mask:0-7
47 [140079848982400] INFO perfrun.perfcollector <> - format: umask config:8-15 mask:8-15
47 [140079848982400] INFO perfrun.perfcollector <> - format: thresh config:24-31 mask:24-31
47 [140079848982400] INFO perfrun.perfcollector <> - hwInfo : PERF_IMC_PMU_DETAILS
47 [140079848982400] INFO perfrun.perfcollector <> - pmu added : family : uncore_imc , id : 3
47 [140079848982400] INFO perfrun.perfcollector <> - dir found : /sys/bus/event_source/devices/uncore_imc_4
47 [140079848982400] INFO perfrun.perfcollector <> - format: inv config:23 mask:23
47 [140079848982400] INFO perfrun.perfcollector <> - format: edge config:18 mask:18
47 [140079848982400] INFO perfrun.perfcollector <> - format: event config:0-7 mask:0-7
47 [140079848982400] INFO perfrun.perfcollector <> - format: umask config:8-15 mask:8-15
47 [140079848982400] INFO perfrun.perfcollector <> - format: thresh config:24-31 mask:24-31
47 [140079848982400] INFO perfrun.perfcollector <> - hwInfo : PERF_IMC_PMU_DETAILS
47 [140079848982400] INFO perfrun.perfcollector <> - pmu added : family : uncore_imc , id : 4
47 [140079848982400] INFO perfrun.perfcollector <> - dir found : /sys/bus/event_source/devices/uncore_imc_5
47 [140079848982400] INFO perfrun.perfcollector <> - format: inv config:23 mask:23
47 [140079848982400] INFO perfrun.perfcollector <> - format: edge config:18 mask:18
47 [140079848982400] INFO perfrun.perfcollector <> - format: event config:0-7 mask:0-7
47 [140079848982400] INFO perfrun.perfcollector <> - format: umask config:8-15 mask:8-15
47 [140079848982400] INFO perfrun.perfcollector <> - format: thresh config:24-31 mask:24-31
47 [140079848982400] INFO perfrun.perfcollector <> - hwInfo : PERF_IMC_PMU_DETAILS
48 [140079848982400] INFO perfrun.perfcollector <> - pmu added : family : uncore_imc , id : 5
48 [140079848982400] INFO perfrun.perfcollector <> - dir found : /sys/bus/event_source/devices/uncore_irp_0
48 [140079848982400] INFO perfrun.perfcollector <> - format: inv config:23 mask:23
48 [140079848982400] INFO perfrun.perfcollector <> - format: edge config:18 mask:18
48 [140079848982400] INFO perfrun.perfcollector <> - format: event config:0-7 mask:0-7
48 [140079848982400] INFO perfrun.perfcollector <> - format: umask config:8-15 mask:8-15
48 [140079848982400] INFO perfrun.perfcollector <> - format: thresh config:24-31 mask:24-31
48 [140079848982400] INFO perfrun.perfcollector <> - hwInfo : PERF_IRP_PMU_DETAILS
48 [140079848982400] INFO perfrun.perfcollector <> - pmu added : family : uncore_irp , id : 0
48 [140079848982400] INFO perfrun.perfcollector <> - dir found : /sys/bus/event_source/devices/uncore_irp_1
48 [140079848982400] INFO perfrun.perfcollector <> - format: inv config:23 mask:23
48 [140079848982400] INFO perfrun.perfcollector <> - format: edge config:18 mask:18
48 [140079848982400] INFO perfrun.perfcollector <> - format: event config:0-7 mask:0-7
48 [140079848982400] INFO perfrun.perfcollector <> - format: umask config:8-15 mask:8-15
48 [140079848982400] INFO perfrun.perfcollector <> - format: thresh config:24-31 mask:24-31
48 [140079848982400] INFO perfrun.perfcollector <> - hwInfo : PERF_IRP_PMU_DETAILS
48 [140079848982400] INFO perfrun.perfcollector <> - pmu added : family : uncore_irp , id : 1
48 [140079848982400] INFO perfrun.perfcollector <> - dir found : /sys/bus/event_source/devices/uncore_irp_2
48 [140079848982400] INFO perfrun.perfcollector <> - format: inv config:23 mask:23
48 [140079848982400] INFO perfrun.perfcollector <> - format: edge config:18 mask:18
48 [140079848982400] INFO perfrun.perfcollector <> - format: event config:0-7 mask:0-7
48 [140079848982400] INFO perfrun.perfcollector <> - format: umask config:8-15 mask:8-15
48 [140079848982400] INFO perfrun.perfcollector <> - format: thresh config:24-31 mask:24-31
48 [140079848982400] INFO perfrun.perfcollector <> - hwInfo : PERF_IRP_PMU_DETAILS
48 [140079848982400] INFO perfrun.perfcollector <> - pmu added : family : uncore_irp , id : 2
48 [140079848982400] INFO perfrun.perfcollector <> - dir found : /sys/bus/event_source/devices/uncore_irp_3
48 [140079848982400] INFO perfrun.perfcollector <> - format: inv config:23 mask:23
48 [140079848982400] INFO perfrun.perfcollector <> - format: edge config:18 mask:18
48 [140079848982400] INFO perfrun.perfcollector <> - format: event config:0-7 mask:0-7
48 [140079848982400] INFO perfrun.perfcollector <> - format: umask config:8-15 mask:8-15
48 [140079848982400] INFO perfrun.perfcollector <> - format: thresh config:24-31 mask:24-31
48 [140079848982400] INFO perfrun.perfcollector <> - hwInfo : PERF_IRP_PMU_DETAILS
48 [140079848982400] INFO perfrun.perfcollector <> - pmu added : family : uncore_irp , id : 3
48 [140079848982400] INFO perfrun.perfcollector <> - dir found : /sys/bus/event_source/devices/uncore_irp_4
48 [140079848982400] INFO perfrun.perfcollector <> - format: inv config:23 mask:23
48 [140079848982400] INFO perfrun.perfcollector <> - format: edge config:18 mask:18
48 [140079848982400] INFO perfrun.perfcollector <> - format: event config:0-7 mask:0-7
48 [140079848982400] INFO perfrun.perfcollector <> - format: umask config:8-15 mask:8-15
48 [140079848982400] INFO perfrun.perfcollector <> - format: thresh config:24-31 mask:24-31
48 [140079848982400] INFO perfrun.perfcollector <> - hwInfo : PERF_IRP_PMU_DETAILS
48 [140079848982400] INFO perfrun.perfcollector <> - pmu added : family : uncore_irp , id : 4
48 [140079848982400] INFO perfrun.perfcollector <> - dir found : /sys/bus/event_source/devices/uncore_irp_5
49 [140079848982400] INFO perfrun.perfcollector <> - format: inv config:23 mask:23
49 [140079848982400] INFO perfrun.perfcollector <> - format: edge config:18 mask:18
49 [140079848982400] INFO perfrun.perfcollector <> - format: event config:0-7 mask:0-7
49 [140079848982400] INFO perfrun.perfcollector <> - format: umask config:8-15 mask:8-15
49 [140079848982400] INFO perfrun.perfcollector <> - format: thresh config:24-31 mask:24-31
49 [140079848982400] INFO perfrun.perfcollector <> - hwInfo : PERF_IRP_PMU_DETAILS
49 [140079848982400] INFO perfrun.perfcollector <> - pmu added : family : uncore_irp , id : 5
49 [140079848982400] INFO perfrun.perfcollector <> - dir found : /sys/bus/event_source/devices/uncore_upi_0
49 [140079848982400] INFO perfrun.perfcollector <> - format: inv config:23 mask:23
49 [140079848982400] INFO perfrun.perfcollector <> - format: edge config:18 mask:18
49 [140079848982400] INFO perfrun.perfcollector <> - format: event config:0-7,21 mask:0-7,21
49 [140079848982400] INFO perfrun.perfcollector <> - format: umask config:8-15,32-43,45-55 mask:8-15,32-43,45-55
49 [140079848982400] INFO perfrun.perfcollector <> - format: thresh config:24-31 mask:24-31
49 [140079848982400] INFO perfrun.perfcollector <> - hwInfo : PERF_UPI_PMU_DETAILS
49 [140079848982400] INFO perfrun.perfcollector <> - pmu added : family : uncore_upi , id : 0
49 [140079848982400] INFO perfrun.perfcollector <> - dir found : /sys/bus/event_source/devices/uncore_upi_1
49 [140079848982400] INFO perfrun.perfcollector <> - format: inv config:23 mask:23
49 [140079848982400] INFO perfrun.perfcollector <> - format: edge config:18 mask:18
49 [140079848982400] INFO perfrun.perfcollector <> - format: event config:0-7,21 mask:0-7,21
49 [140079848982400] INFO perfrun.perfcollector <> - format: umask config:8-15,32-43,45-55 mask:8-15,32-43,45-55
49 [140079848982400] INFO perfrun.perfcollector <> - format: thresh config:24-31 mask:24-31
49 [140079848982400] INFO perfrun.perfcollector <> - hwInfo : PERF_UPI_PMU_DETAILS
49 [140079848982400] INFO perfrun.perfcollector <> - pmu added : family : uncore_upi , id : 1
49 [140079848982400] INFO perfrun.perfcollector <> - dir found : /sys/bus/event_source/devices/uncore_m2pcie_0
49 [140079848982400] INFO perfrun.perfcollector <> - format: inv config:23 mask:23
49 [140079848982400] INFO perfrun.perfcollector <> - format: edge config:18 mask:18
49 [140079848982400] INFO perfrun.perfcollector <> - format: event config:0-7 mask:0-7
49 [140079848982400] INFO perfrun.perfcollector <> - format: umask config:8-15 mask:8-15
49 [140079848982400] INFO perfrun.perfcollector <> - format: thresh config:24-31 mask:24-31
49 [140079848982400] WARN perfrun.perfcollector <> - pmu hwInfo is not set, at file: vcs/perfrun1/plugins/perfcollector/src/controller.cpp:779
49 [140079848982400] INFO perfrun.perfcollector <> - pmu added : family : uncore_m2pcie , id : 0
49 [140079848982400] INFO perfrun.perfcollector <> - dir found : /sys/bus/event_source/devices/uncore_m2pcie_1
49 [140079848982400] INFO perfrun.perfcollector <> - format: inv config:23 mask:23
49 [140079848982400] INFO perfrun.perfcollector <> - format: edge config:18 mask:18
49 [140079848982400] INFO perfrun.perfcollector <> - format: event config:0-7 mask:0-7
49 [140079848982400] INFO perfrun.perfcollector <> - format: umask config:8-15 mask:8-15
49 [140079848982400] INFO perfrun.perfcollector <> - format: thresh config:24-31 mask:24-31
49 [140079848982400] WARN perfrun.perfcollector <> - pmu hwInfo is not set, at file: vcs/perfrun1/plugins/perfcollector/src/controller.cpp:779
50 [140079848982400] INFO perfrun.perfcollector <> - pmu added : family : uncore_m2pcie , id : 1
50 [140079848982400] INFO perfrun.perfcollector <> - dir found : /sys/bus/event_source/devices/uncore_cha_10
50 [140079848982400] INFO perfrun.perfcollector <> - format: inv config:23 mask:23
50 [140079848982400] INFO perfrun.perfcollector <> - format: edge config:18 mask:18
50 [140079848982400] INFO perfrun.perfcollector <> - format: event config:0-7 mask:0-7
50 [140079848982400] INFO perfrun.perfcollector <> - format: umask config:8-15 mask:8-15
50 [140079848982400] INFO perfrun.perfcollector <> - format: filter_nc config1:62 mask:62
50 [140079848982400] INFO perfrun.perfcollector <> - format: filter_nm config1:36 mask:36
50 [140079848982400] INFO perfrun.perfcollector <> - format: filter_isoc config1:63 mask:63
50 [140079848982400] INFO perfrun.perfcollector <> - format: filter_opc0 config1:41-50 mask:41-50
50 [140079848982400] INFO perfrun.perfcollector <> - format: filter_opc1 config1:51-60 mask:51-60
50 [140079848982400] INFO perfrun.perfcollector <> - format: filter_loc config1:33 mask:33
50 [140079848982400] INFO perfrun.perfcollector <> - format: filter_rem config1:32 mask:32
50 [140079848982400] INFO perfrun.perfcollector <> - format: filter_tid config1:0-8 mask:0-8
50 [140079848982400] INFO perfrun.perfcollector <> - format: filter_all_op config1:35 mask:35
50 [140079848982400] INFO perfrun.perfcollector <> - format: tid_en config:19 mask:19
50 [140079848982400] INFO perfrun.perfcollector <> - format: thresh config:24-31 mask:24-31
50 [140079848982400] INFO perfrun.perfcollector <> - format: filter_state config1:17-26 mask:17-26
50 [140079848982400] INFO perfrun.perfcollector <> - format: filter_not_nm config1:37 mask:37
50 [140079848982400] INFO perfrun.perfcollector <> - hwInfo : PERF_CHA_PMU_DETAILS
50 [140079848982400] INFO perfrun.perfcollector <> - pmu added : family : uncore_cha , id : 10
50 [140079848982400] INFO perfrun.perfcollector <> - dir found : /sys/bus/event_source/devices/uncore_cha_11
50 [140079848982400] INFO perfrun.perfcollector <> - format: inv config:23 mask:23
50 [140079848982400] INFO perfrun.perfcollector <> - format: edge config:18 mask:18
50 [140079848982400] INFO perfrun.perfcollector <> - format: event config:0-7 mask:0-7
50 [140079848982400] INFO perfrun.perfcollector <> - format: umask config:8-15 mask:8-15
50 [140079848982400] INFO perfrun.perfcollector <> - format: filter_nc config1:62 mask:62
50 [140079848982400] INFO perfrun.perfcollector <> - format: filter_nm config1:36 mask:36
50 [140079848982400] INFO perfrun.perfcollector <> - format: filter_isoc config1:63 mask:63
50 [140079848982400] INFO perfrun.perfcollector <> - format: filter_opc0 config1:41-50 mask:41-50
50 [140079848982400] INFO perfrun.perfcollector <> - format: filter_opc1 config1:51-60 mask:51-60
50 [140079848982400] INFO perfrun.perfcollector <> - format: filter_loc config1:33 mask:33
50 [140079848982400] INFO perfrun.perfcollector <> - format: filter_rem config1:32 mask:32
50 [140079848982400] INFO perfrun.perfcollector <> - format: filter_tid config1:0-8 mask:0-8
50 [140079848982400] INFO perfrun.perfcollector <> - format: filter_all_op config1:35 mask:35
50 [140079848982400] INFO perfrun.perfcollector <> - format: tid_en config:19 mask:19
50 [140079848982400] INFO perfrun.perfcollector <> - format: thresh config:24-31 mask:24-31
50 [140079848982400] INFO perfrun.perfcollector <> - format: filter_state config1:17-26 mask:17-26
50 [140079848982400] INFO perfrun.perfcollector <> - format: filter_not_nm config1:37 mask:37
50 [140079848982400] INFO perfrun.perfcollector <> - hwInfo : PERF_CHA_PMU_DETAILS
51 [140079848982400] INFO perfrun.perfcollector <> - pmu added : family : uncore_cha , id : 11
51 [140079848982400] INFO perfrun.perfcollector <> - dir found : /sys/bus/event_source/devices/uncore_cha_12
51 [140079848982400] INFO perfrun.perfcollector <> - format: inv config:23 mask:23
51 [140079848982400] INFO perfrun.perfcollector <> - format: edge config:18 mask:18
51 [140079848982400] INFO perfrun.perfcollector <> - format: event config:0-7 mask:0-7
51 [140079848982400] INFO perfrun.perfcollector <> - format: umask config:8-15 mask:8-15
51 [140079848982400] INFO perfrun.perfcollector <> - format: filter_nc config1:62 mask:62
51 [140079848982400] INFO perfrun.perfcollector <> - format: filter_nm config1:36 mask:36
51 [140079848982400] INFO perfrun.perfcollector <> - format: filter_isoc config1:63 mask:63
51 [140079848982400] INFO perfrun.perfcollector <> - format: filter_opc0 config1:41-50 mask:41-50
51 [140079848982400] INFO perfrun.perfcollector <> - format: filter_opc1 config1:51-60 mask:51-60
51 [140079848982400] INFO perfrun.perfcollector <> - format: filter_loc config1:33 mask:33
51 [140079848982400] INFO perfrun.perfcollector <> - format: filter_rem config1:32 mask:32
51 [140079848982400] INFO perfrun.perfcollector <> - format: filter_tid config1:0-8 mask:0-8
51 [140079848982400] INFO perfrun.perfcollector <> - format: filter_all_op config1:35 mask:35
51 [140079848982400] INFO perfrun.perfcollector <> - format: tid_en config:19 mask:19
51 [140079848982400] INFO perfrun.perfcollector <> - format: thresh config:24-31 mask:24-31
51 [140079848982400] INFO perfrun.perfcollector <> - format: filter_state config1:17-26 mask:17-26
51 [140079848982400] INFO perfrun.perfcollector <> - format: filter_not_nm config1:37 mask:37
51 [140079848982400] INFO perfrun.perfcollector <> - hwInfo : PERF_CHA_PMU_DETAILS
51 [140079848982400] INFO perfrun.perfcollector <> - pmu added : family : uncore_cha , id : 12
51 [140079848982400] INFO perfrun.perfcollector <> - dir found : /sys/bus/event_source/devices/uncore_cha_13
51 [140079848982400] INFO perfrun.perfcollector <> - format: inv config:23 mask:23
51 [140079848982400] INFO perfrun.perfcollector <> - format: edge config:18 mask:18
51 [140079848982400] INFO perfrun.perfcollector <> - format: event config:0-7 mask:0-7
51 [140079848982400] INFO perfrun.perfcollector <> - format: umask config:8-15 mask:8-15
51 [140079848982400] INFO perfrun.perfcollector <> - format: filter_nc config1:62 mask:62
51 [140079848982400] INFO perfrun.perfcollector <> - format: filter_nm config1:36 mask:36
51 [140079848982400] INFO perfrun.perfcollector <> - format: filter_isoc config1:63 mask:63
51 [140079848982400] INFO perfrun.perfcollector <> - format: filter_opc0 config1:41-50 mask:41-50
51 [140079848982400] INFO perfrun.perfcollector <> - format: filter_opc1 config1:51-60 mask:51-60
51 [140079848982400] INFO perfrun.perfcollector <> - format: filter_loc config1:33 mask:33
51 [140079848982400] INFO perfrun.perfcollector <> - format: filter_rem config1:32 mask:32
51 [140079848982400] INFO perfrun.perfcollector <> - format: filter_tid config1:0-8 mask:0-8
51 [140079848982400] INFO perfrun.perfcollector <> - format: filter_all_op config1:35 mask:35
51 [140079848982400] INFO perfrun.perfcollector <> - format: tid_en config:19 mask:19
51 [140079848982400] INFO perfrun.perfcollector <> - format: thresh config:24-31 mask:24-31
51 [140079848982400] INFO perfrun.perfcollector <> - format: filter_state config1:17-26 mask:17-26
51 [140079848982400] INFO perfrun.perfcollector <> - format: filter_not_nm config1:37 mask:37
52 [140079848982400] INFO perfrun.perfcollector <> - hwInfo : PERF_CHA_PMU_DETAILS
52 [140079848982400] INFO perfrun.perfcollector <> - pmu added : family : uncore_cha , id : 13
52 [140079848982400] INFO perfrun.perfcollector <> - dir found : /sys/bus/event_source/devices/uncore_cha_14
52 [140079848982400] INFO perfrun.perfcollector <> - format: inv config:23 mask:23
52 [140079848982400] INFO perfrun.perfcollector <> - format: edge config:18 mask:18
52 [140079848982400] INFO perfrun.perfcollector <> - format: event config:0-7 mask:0-7
52 [140079848982400] INFO perfrun.perfcollector <> - format: umask config:8-15 mask:8-15
52 [140079848982400] INFO perfrun.perfcollector <> - format: filter_nc config1:62 mask:62
52 [140079848982400] INFO perfrun.perfcollector <> - format: filter_nm config1:36 mask:36
52 [140079848982400] INFO perfrun.perfcollector <> - format: filter_isoc config1:63 mask:63
52 [140079848982400] INFO perfrun.perfcollector <> - format: filter_opc0 config1:41-50 mask:41-50
52 [140079848982400] INFO perfrun.perfcollector <> - format: filter_opc1 config1:51-60 mask:51-60
52 [140079848982400] INFO perfrun.perfcollector <> - format: filter_loc config1:33 mask:33
52 [140079848982400] INFO perfrun.perfcollector <> - format: filter_rem config1:32 mask:32
52 [140079848982400] INFO perfrun.perfcollector <> - format: filter_tid config1:0-8 mask:0-8
52 [140079848982400] INFO perfrun.perfcollector <> - format: filter_all_op config1:35 mask:35
52 [140079848982400] INFO perfrun.perfcollector <> - format: tid_en config:19 mask:19
52 [140079848982400] INFO perfrun.perfcollector <> - format: thresh config:24-31 mask:24-31
52 [140079848982400] INFO perfrun.perfcollector <> - format: filter_state config1:17-26 mask:17-26
52 [140079848982400] INFO perfrun.perfcollector <> - format: filter_not_nm config1:37 mask:37
52 [140079848982400] INFO perfrun.perfcollector <> - hwInfo : PERF_CHA_PMU_DETAILS
52 [140079848982400] INFO perfrun.perfcollector <> - pmu added : family : uncore_cha , id : 14
52 [140079848982400] INFO perfrun.perfcollector <> - dir found : /sys/bus/event_source/devices/uncore_cha_15
52 [140079848982400] INFO perfrun.perfcollector <> - format: inv config:23 mask:23
52 [140079848982400] INFO perfrun.perfcollector <> - format: edge config:18 mask:18
52 [140079848982400] INFO perfrun.perfcollector <> - format: event config:0-7 mask:0-7
52 [140079848982400] INFO perfrun.perfcollector <> - format: umask config:8-15 mask:8-15
52 [140079848982400] INFO perfrun.perfcollector <> - format: filter_nc config1:62 mask:62
52 [140079848982400] INFO perfrun.perfcollector <> - format: filter_nm config1:36 mask:36
52 [140079848982400] INFO perfrun.perfcollector <> - format: filter_isoc config1:63 mask:63
52 [140079848982400] INFO perfrun.perfcollector <> - format: filter_opc0 config1:41-50 mask:41-50
52 [140079848982400] INFO perfrun.perfcollector <> - format: filter_opc1 config1:51-60 mask:51-60
52 [140079848982400] INFO perfrun.perfcollector <> - format: filter_loc config1:33 mask:33
52 [140079848982400] INFO perfrun.perfcollector <> - format: filter_rem config1:32 mask:32
52 [140079848982400] INFO perfrun.perfcollector <> - format: filter_tid config1:0-8 mask:0-8
52 [140079848982400] INFO perfrun.perfcollector <> - format: filter_all_op config1:35 mask:35
52 [140079848982400] INFO perfrun.perfcollector <> - format: tid_en config:19 mask:19
52 [140079848982400] INFO perfrun.perfcollector <> - format: thresh config:24-31 mask:24-31
52 [140079848982400] INFO perfrun.perfcollector <> - format: filter_state config1:17-26 mask:17-26
53 [140079848982400] INFO perfrun.perfcollector <> - format: filter_not_nm config1:37 mask:37
53 [140079848982400] INFO perfrun.perfcollector <> - hwInfo : PERF_CHA_PMU_DETAILS
53 [140079848982400] INFO perfrun.perfcollector <> - pmu added : family : uncore_cha , id : 15
53 [140079848982400] INFO perfrun.perfcollector <> - dir found : /sys/bus/event_source/devices/uncore_cha_16
53 [140079848982400] INFO perfrun.perfcollector <> - format: inv config:23 mask:23
53 [140079848982400] INFO perfrun.perfcollector <> - format: edge config:18 mask:18
53 [140079848982400] INFO perfrun.perfcollector <> - format: event config:0-7 mask:0-7
53 [140079848982400] INFO perfrun.perfcollector <> - format: umask config:8-15 mask:8-15
53 [140079848982400] INFO perfrun.perfcollector <> - format: filter_nc config1:62 mask:62
53 [140079848982400] INFO perfrun.perfcollector <> - format: filter_nm config1:36 mask:36
53 [140079848982400] INFO perfrun.perfcollector <> - format: filter_isoc config1:63 mask:63
53 [140079848982400] INFO perfrun.perfcollector <> - format: filter_opc0 config1:41-50 mask:41-50
53 [140079848982400] INFO perfrun.perfcollector <> - format: filter_opc1 config1:51-60 mask:51-60
53 [140079848982400] INFO perfrun.perfcollector <> - format: filter_loc config1:33 mask:33
53 [140079848982400] INFO perfrun.perfcollector <> - format: filter_rem config1:32 mask:32
53 [140079848982400] INFO perfrun.perfcollector <> - format: filter_tid config1:0-8 mask:0-8
53 [140079848982400] INFO perfrun.perfcollector <> - format: filter_all_op config1:35 mask:35
53 [140079848982400] INFO perfrun.perfcollector <> - format: tid_en config:19 mask:19
53 [140079848982400] INFO perfrun.perfcollector <> - format: thresh config:24-31 mask:24-31
53 [140079848982400] INFO perfrun.perfcollector <> - format: filter_state config1:17-26 mask:17-26
53 [140079848982400] INFO perfrun.perfcollector <> - format: filter_not_nm config1:37 mask:37
53 [140079848982400] INFO perfrun.perfcollector <> - hwInfo : PERF_CHA_PMU_DETAILS
53 [140079848982400] INFO perfrun.perfcollector <> - pmu added : family : uncore_cha , id : 16
53 [140079848982400] INFO perfrun.perfcollector <> - dir found : /sys/bus/event_source/devices/uncore_cha_17
53 [140079848982400] INFO perfrun.perfcollector <> - format: inv config:23 mask:23
53 [140079848982400] INFO perfrun.perfcollector <> - format: edge config:18 mask:18
53 [140079848982400] INFO perfrun.perfcollector <> - format: event config:0-7 mask:0-7
53 [140079848982400] INFO perfrun.perfcollector <> - format: umask config:8-15 mask:8-15
53 [140079848982400] INFO perfrun.perfcollector <> - format: filter_nc config1:62 mask:62
53 [140079848982400] INFO perfrun.perfcollector <> - format: filter_nm config1:36 mask:36
53 [140079848982400] INFO perfrun.perfcollector <> - format: filter_isoc config1:63 mask:63
53 [140079848982400] INFO perfrun.perfcollector <> - format: filter_opc0 config1:41-50 mask:41-50
53 [140079848982400] INFO perfrun.perfcollector <> - format: filter_opc1 config1:51-60 mask:51-60
53 [140079848982400] INFO perfrun.perfcollector <> - format: filter_loc config1:33 mask:33
53 [140079848982400] INFO perfrun.perfcollector <> - format: filter_rem config1:32 mask:32
53 [140079848982400] INFO perfrun.perfcollector <> - format: filter_tid config1:0-8 mask:0-8
53 [140079848982400] INFO perfrun.perfcollector <> - format: filter_all_op config1:35 mask:35
53 [140079848982400] INFO perfrun.perfcollector <> - format: tid_en config:19 mask:19
53 [140079848982400] INFO perfrun.perfcollector <> - format: thresh config:24-31 mask:24-31
53 [140079848982400] INFO perfrun.perfcollector <> - format: filter_state config1:17-26 mask:17-26
54 [140079848982400] INFO perfrun.perfcollector <> - format: filter_not_nm config1:37 mask:37
54 [140079848982400] INFO perfrun.perfcollector <> - hwInfo : PERF_CHA_PMU_DETAILS
54 [140079848982400] INFO perfrun.perfcollector <> - pmu added : family : uncore_cha , id : 17
54 [140079848982400] INFO perfrun.perfcollector <> - dir found : /sys/bus/event_source/devices/uncore_iio_free_running_0
54 [140079848982400] INFO perfrun.perfcollector <> - format: event config:0-7 mask:0-7
54 [140079848982400] INFO perfrun.perfcollector <> - format: umask config:8-15 mask:8-15
54 [140079848982400] WARN perfrun.perfcollector <> - pmu hwInfo is not set, at file: vcs/perfrun1/plugins/perfcollector/src/controller.cpp:779
54 [140079848982400] INFO perfrun.perfcollector <> - pmu added : family : uncore_iio_free_running , id : 0
54 [140079848982400] INFO perfrun.perfcollector <> - dir found : /sys/bus/event_source/devices/uncore_iio_free_running_1
54 [140079848982400] INFO perfrun.perfcollector <> - format: event config:0-7 mask:0-7
54 [140079848982400] INFO perfrun.perfcollector <> - format: umask config:8-15 mask:8-15
54 [140079848982400] WARN perfrun.perfcollector <> - pmu hwInfo is not set, at file: vcs/perfrun1/plugins/perfcollector/src/controller.cpp:779
54 [140079848982400] INFO perfrun.perfcollector <> - pmu added : family : uncore_iio_free_running , id : 1
54 [140079848982400] INFO perfrun.perfcollector <> - dir found : /sys/bus/event_source/devices/uncore_iio_free_running_2
54 [140079848982400] INFO perfrun.perfcollector <> - format: event config:0-7 mask:0-7
54 [140079848982400] INFO perfrun.perfcollector <> - format: umask config:8-15 mask:8-15
54 [140079848982400] WARN perfrun.perfcollector <> - pmu hwInfo is not set, at file: vcs/perfrun1/plugins/perfcollector/src/controller.cpp:779
54 [140079848982400] INFO perfrun.perfcollector <> - pmu added : family : uncore_iio_free_running , id : 2
54 [140079848982400] INFO perfrun.perfcollector <> - dir found : /sys/bus/event_source/devices/uncore_iio_free_running_3
54 [140079848982400] INFO perfrun.perfcollector <> - format: event config:0-7 mask:0-7
54 [140079848982400] INFO perfrun.perfcollector <> - format: umask config:8-15 mask:8-15
54 [140079848982400] WARN perfrun.perfcollector <> - pmu hwInfo is not set, at file: vcs/perfrun1/plugins/perfcollector/src/controller.cpp:779
54 [140079848982400] INFO perfrun.perfcollector <> - pmu added : family : uncore_iio_free_running , id : 3
54 [140079848982400] INFO perfrun.perfcollector <> - dir found : /sys/bus/event_source/devices/uncore_iio_free_running_4
54 [140079848982400] INFO perfrun.perfcollector <> - format: event config:0-7 mask:0-7
54 [140079848982400] INFO perfrun.perfcollector <> - format: umask config:8-15 mask:8-15
54 [140079848982400] WARN perfrun.perfcollector <> - pmu hwInfo is not set, at file: vcs/perfrun1/plugins/perfcollector/src/controller.cpp:779
54 [140079848982400] INFO perfrun.perfcollector <> - pmu added : family : uncore_iio_free_running , id : 4
54 [140079848982400] INFO perfrun.perfcollector <> - dir found : /sys/bus/event_source/devices/uncore_iio_free_running_5
54 [140079848982400] INFO perfrun.perfcollector <> - format: event config:0-7 mask:0-7
54 [140079848982400] INFO perfrun.perfcollector <> - format: umask config:8-15 mask:8-15
54 [140079848982400] WARN perfrun.perfcollector <> - pmu hwInfo is not set, at file: vcs/perfrun1/plugins/perfcollector/src/controller.cpp:779
54 [140079848982400] INFO perfrun.perfcollector <> - pmu added : family : uncore_iio_free_running , id : 5
54 [140079848982400] INFO perfrun.perfcollector <> - dir found : /sys/bus/event_source/devices/kprobe
54 [140079848982400] INFO perfrun.perfcollector <> - format: retprobe config:0 mask:0
54 [140079848982400] WARN perfrun.perfcollector <> - pmu hwInfo is not set, at file: vcs/perfrun1/plugins/perfcollector/src/controller.cpp:779
54 [140079848982400] INFO perfrun.perfcollector <> - pmu added : family : kprobe , id : 0
54 [140079848982400] INFO perfrun.perfcollector <> - dir found : /sys/bus/event_source/devices/uprobe
54 [140079848982400] INFO perfrun.perfcollector <> - format: retprobe config:0 mask:0
54 [140079848982400] WARN perfrun.perfcollector <> - pmu hwInfo is not set, at file: vcs/perfrun1/plugins/perfcollector/src/controller.cpp:779
54 [140079848982400] INFO perfrun.perfcollector <> - pmu added : family : uprobe , id : 0
54 [140079848982400] INFO perfrun.perfcollector <> - dir found : /sys/bus/event_source/devices/uncore_m3upi_0
55 [140079848982400] INFO perfrun.perfcollector <> - format: inv config:23 mask:23
55 [140079848982400] INFO perfrun.perfcollector <> - format: edge config:18 mask:18
55 [140079848982400] INFO perfrun.perfcollector <> - format: event config:0-7 mask:0-7
55 [140079848982400] INFO perfrun.perfcollector <> - format: umask config:8-15 mask:8-15
55 [140079848982400] INFO perfrun.perfcollector <> - format: thresh config:24-31 mask:24-31
55 [140079848982400] WARN perfrun.perfcollector <> - pmu hwInfo is not set, at file: vcs/perfrun1/plugins/perfcollector/src/controller.cpp:779
55 [140079848982400] INFO perfrun.perfcollector <> - pmu added : family : uncore_m3upi , id : 0
55 [140079848982400] INFO perfrun.perfcollector <> - dir found : /sys/bus/event_source/devices/uncore_m3upi_1
55 [140079848982400] INFO perfrun.perfcollector <> - format: inv config:23 mask:23
55 [140079848982400] INFO perfrun.perfcollector <> - format: edge config:18 mask:18
55 [140079848982400] INFO perfrun.perfcollector <> - format: event config:0-7 mask:0-7
55 [140079848982400] INFO perfrun.perfcollector <> - format: umask config:8-15 mask:8-15
55 [140079848982400] INFO perfrun.perfcollector <> - format: thresh config:24-31 mask:24-31
55 [140079848982400] WARN perfrun.perfcollector <> - pmu hwInfo is not set, at file: vcs/perfrun1/plugins/perfcollector/src/controller.cpp:779
55 [140079848982400] INFO perfrun.perfcollector <> - pmu added : family : uncore_m3upi , id : 1
55 [140079848982400] INFO perfrun.perfcollector <> - dir found : /sys/bus/event_source/devices/intel_bts
55 [140079848982400] WARN perfrun.perfcollector <> - format subdir doesn't exist, at file: vcs/perfrun1/plugins/perfcollector/src/controller.cpp:685
55 [140079848982400] WARN perfrun.perfcollector <> - pmu hwInfo is not set, at file: vcs/perfrun1/plugins/perfcollector/src/controller.cpp:779
55 [140079848982400] INFO perfrun.perfcollector <> - pmu added : family : intel_bts , id : 0
55 [140079848982400] INFO perfrun.perfcollector <> - dir found : /sys/bus/event_source/devices/breakpoint
55 [140079848982400] WARN perfrun.perfcollector <> - format subdir doesn't exist, at file: vcs/perfrun1/plugins/perfcollector/src/controller.cpp:685
55 [140079848982400] WARN perfrun.perfcollector <> - pmu hwInfo is not set, at file: vcs/perfrun1/plugins/perfcollector/src/controller.cpp:779
55 [140079848982400] INFO perfrun.perfcollector <> - pmu added : family : breakpoint , id : 0
55 [140079848982400] INFO perfrun.perfcollector <> - dir found : /sys/bus/event_source/devices/uncore_ubox
55 [140079848982400] INFO perfrun.perfcollector <> - format: inv config:23 mask:23
55 [140079848982400] INFO perfrun.perfcollector <> - format: edge config:18 mask:18
55 [140079848982400] INFO perfrun.perfcollector <> - format: event config:0-7 mask:0-7
55 [140079848982400] INFO perfrun.perfcollector <> - format: umask config:8-15 mask:8-15
55 [140079848982400] INFO perfrun.perfcollector <> - format: thresh config:24-28 mask:24-28
55 [140079848982400] WARN perfrun.perfcollector <> - pmu hwInfo is not set, at file: vcs/perfrun1/plugins/perfcollector/src/controller.cpp:779
55 [140079848982400] INFO perfrun.perfcollector <> - pmu added : family : uncore_ubox , id : 0
55 [140079848982400] INFO perfrun.perfcollector <> - dir found : /sys/bus/event_source/devices/intel_pt
55 [140079848982400] INFO perfrun.perfcollector <> - format: pt config:0 mask:0
55 [140079848982400] INFO perfrun.perfcollector <> - format: cyc config:1 mask:1
55 [140079848982400] INFO perfrun.perfcollector <> - format: mtc config:9 mask:9
55 [140079848982400] INFO perfrun.perfcollector <> - format: ptw config:12 mask:12
55 [140079848982400] INFO perfrun.perfcollector <> - format: tsc config:10 mask:10
55 [140079848982400] INFO perfrun.perfcollector <> - format: psb_period config:24-27 mask:24-27
55 [140079848982400] INFO perfrun.perfcollector <> - format: fup_on_ptw config:5 mask:5
55 [140079848982400] INFO perfrun.perfcollector <> - format: pwr_evt config:4 mask:4
55 [140079848982400] INFO perfrun.perfcollector <> - format: noretcomp config:11 mask:11
55 [140079848982400] INFO perfrun.perfcollector <> - format: mtc_period config:14-17 mask:14-17
55 [140079848982400] INFO perfrun.perfcollector <> - format: branch config:13 mask:13
56 [140079848982400] INFO perfrun.perfcollector <> - format: cyc_thresh config:19-22 mask:19-22
56 [140079848982400] WARN perfrun.perfcollector <> - pmu hwInfo is not set, at file: vcs/perfrun1/plugins/perfcollector/src/controller.cpp:779
56 [140079848982400] INFO perfrun.perfcollector <> - pmu added : family : intel_pt , id : 0
56 [140079848982400] INFO perfrun.launcher <> - plugin perf has been added successfully
56 [140079848982400] INFO perfrun.launcher <> - plugin aoclprofile has been added successfully
56 [140079848982400] INFO perfrun.launcher <> - plugin tpss has been added successfully
56 [140079848982400] INFO perfrun.launcher <> - plugin exprof has been added successfully
56 [140079848982400] INFO perfrun.launcher <> - plugin media has been added successfully
56 [140079848982400] INFO perfrun.launcher <> - plugin ice has been added successfully
56 [140079848982400] INFO perfrun.launcher <> - plugin  has been added successfully
56 [140079848982400] INFO perfrun.launcher <> - plugin  has been added successfully
56 [140079848982400] INFO perfrun.launcher <> - plugin parallelfs has been added successfully
56 [140079848982400] INFO perfrun.launcher <> - plugin power has been added successfully
56 [140079848982400] INFO perfrun.launcher <> - plugin hwloc has been added successfully
56 [140079848982400] INFO perfrun.launcher <> - plugin ipmwatch has been added successfully
56 [140079848982400] INFO perfrun.launcher <> - plugin os_counters has been added successfully
56 [140079848982400] INFO perfrun.launcher <> - the option was added --interval: Specify an interval of data collection (for example, sampling) in milliseconds.
56 [140079848982400] INFO perfrun.launcher <> - the option was added --follow-child: Profile process with or without children.
57 [140079848982400] INFO perfrun.launcher <> - the option was added --gelding: BADMSG: perfrun1.launcher.plugin_manager::gelding
57 [140079848982400] INFO perfrun.launcher <> - the option was added --time-source: Specify time source for measurement. Possible values: sys - wall clock time; tsc - time stamp counter; ext - time from an external source; auto - auto select accurate time source.
57 [140079848982400] INFO perfrun.launcher <> - the option was added --stack: Enable or disable collection of stacks.
57 [140079848982400] INFO perfrun.launcher <> - the option was added --stack-stitching: Enable or disable the stack stitching algorithm for Intel TBB-based applications.
57 [140079848982400] INFO perfrun.launcher <> - the option was added --type: Specify type of data to be collected. For example, --type cpu:counters,waiting:nostack,io.
57 [140079848982400] INFO perfrun.launcher <> - the option was added --mrte-mode: Specify Java/.NET/other managed runtime collection mode. Possible values: native - collect information only for native code; managed - collect information only for managed code; mixed - collect information for both managed and native code; auto - choose the mode based on binary type.
57 [140079848982400] INFO perfrun.launcher <> - the option was added --mrte-mode-list: List supported Java/.NET/other managed runtime collection modes.
57 [140079848982400] INFO perfrun.launcher <> - the option was added --mrte-type: Specify which managed runtimes to collect. Possible values: java - collect information for Java; dotnet - collect information for .NET; python - collect information for CPython. You can specify several values separated by comma.
57 [140079848982400] INFO perfrun.launcher <> - the option was added --mrte-type-list: List supported Java/.NET/other managed runtime types.
57 [140079848982400] INFO perfrun.launcher <> - the option was added --trace-strategy: Specify how to profile a process tree. <string> can be "<process>:trace:notrace" - profile the process but do not profile its children. Shorthand parameters: t - trace, nt - notrace. For example, "vtunedemo.exe:t:t".
57 [140079848982400] INFO perfrun.launcher <> - the option was added --collector: BADMSG: perfrun1.launcher.plugin_manager::collector
57 [140079848982400] INFO perfrun.launcher <> - the option was added --system-wide: Enable system-wide profiling. This mode may require additional permissions.
57 [140079848982400] INFO perfrun.launcher <> - the option was added --kvm-guest: Enable KVM guest OS profiling.
57 [140079848982400] INFO perfrun.launcher <> - the option was added --kvm-guest-kallsyms: Specify a local path to the /proc/kallsyms file copied from the guest OS for proper symbol resolution.
57 [140079848982400] INFO perfrun.launcher <> - the option was added --kvm-guest-modules: Specify a local path to the /proc/modules file copied from the guest OS for proper symbol resolution.
57 [140079848982400] INFO perfrun.launcher <> - the option was added --bandwidth-limits: Measure bandwidth limits
57 [140079848982400] INFO perfrun.launcher <> - the option was added --acrn-map-info: Collect map info for ACRN
57 [140079848982400] INFO perfrun.launcher <> - the option was added --bandwidth-strategy: Bandwidth limits determination specific properties (example: --bandwidth-strategy array-size=0,duration=500).
58 [140079848982400] INFO perfrun.launcher <> - the option was added --bandwidth-config: List of benchmarks to run.
58 [140079848982400] INFO perfrun.launcher <> - the option was added --dump-vdso: Dump [vdso] to result directory
58 [140079848982400] INFO perfrun.launcher <> - the option was added --system-collector-config: Specify subcollectors. Possible values: all, container, device-info, none. Specify subcollectors. Possible values: all, vdso.
58 [140079848982400] INFO perfrun.launcher <> - the option was added --itt-config: Specify a sub-set of ITT API to collect.
58 [140079848982400] INFO perfrun.launcher <> - the option was added --itt-debug: Set pseudo-breakpoint at ITT API collector's start to enable the debugger to attach early.
58 [140079848982400] INFO perfrun.launcher <> - the option was added --ptrace: Ptrace collector.
58 [140079848982400] INFO perfrun.launcher <> - the option was added --target-pid: BADMSG: perfrun1.ptracecollector::target-pid
58 [140079848982400] INFO perfrun.launcher <> - the option was added --ptrace-server-pid: BADMSG: perfrun1.ptracecollector::ptrace-server-pid
58 [140079848982400] INFO perfrun.launcher <> - the option was added --ptrace-trace: BADMSG: perfrun1.ptracecollector::ptrace-trace
58 [140079848982400] INFO perfrun.launcher <> - the option was added --ptrace-time-source: BADMSG: perfrun1.ptracecollector::ptrace-time-source
58 [140079848982400] INFO perfrun.launcher <> - the option was added --ptrace-start-type: BADMSG: perfrun1.ptracecollector::ptrace-start-type
58 [140079848982400] INFO perfrun.launcher <> - the option was added --gpu-config: Specify types of GPU data to be collected. Possible values: preset1, preset2.
58 [140079848982400] INFO perfrun.launcher <> - the option was added --gpu-debug: Enable self-testing of the GPGPU profiling collector.
58 [140079848982400] INFO perfrun.launcher <> - the option was added --gpu-counting: Collect GPU data in the counting mode.
58 [140079848982400] INFO perfrun.launcher <> - the option was added --emon-preset: Specify a preset for EMON collector. For available presets, run: emon -preset-list.
58 [140079848982400] INFO perfrun.launcher <> - the option was added --emon-csv-trace-format: Use CSV format for EMON trace file.
58 [140079848982400] INFO perfrun.launcher <> - the option was added --emon-machine-readable-ver: Write machine readable EMON version file.
58 [140079848982400] INFO perfrun.launcher <> - the option was added --custom-collector: Allows to provide arbitrary command line to be run on collection steps.
59 [140079848982400] INFO perfrun.launcher <> - the option was added --stdsrc-config: Specify Standard Sources category tag(s).
59 [140079848982400] INFO perfrun.launcher <> - the option was added --ftrace-config-list: List Linux Ftrace category tag(s).
59 [140079848982400] INFO perfrun.launcher <> - the option was added --ftrace-config: Specify Linux Ftrace category tag(s).
59 [140079848982400] INFO perfrun.launcher <> - the option was added --ftrace-function-groups: Enable tracing of specific groups of functions.
59 [140079848982400] INFO perfrun.launcher <> - the option was added --event-info: BADMSG: perfrun1.stdsrc::event-info
59 [140079848982400] INFO perfrun.launcher <> - the option was added --cpu-list: List supported CPUs.
59 [140079848982400] INFO perfrun.launcher <> - the option was added --target-list: List available targets for performing sampling collection.
59 [140079848982400] INFO perfrun.launcher <> - the option was added --event-value-list: Display event information.
59 [140079848982400] INFO perfrun.launcher <> - the option was added --platform-value-list: Display details of supported platforms.
59 [140079848982400] INFO perfrun.launcher <> - the option was added --uncore-event-list: List uncore events for which a sampling data collection can be performed on this platform.
59 [140079848982400] INFO perfrun.launcher <> - the option was added --modifier-list: Specify the event name <string> for which the modifiers list is requested.
59 [140079848982400] INFO perfrun.launcher <> - the option was added --pmu-list: List supported PMUs.
59 [140079848982400] INFO perfrun.launcher <> - the option was added --os-mode-only: Enable sampling data collection for OS-mode processes only.
59 [140079848982400] INFO perfrun.launcher <> - the option was added --user-mode-only: Enable sampling data collection for user-mode processes only.
59 [140079848982400] INFO perfrun.launcher <> - the option was added --event-config: Perform data collection for the events with <string> configured using the format <event name1>":modifier1=val:modifier2=val/constraint1={:modifier3=val:modifier4=val}...,"<event name2>":... Specify the events(s) to monitor and embed the event names within double quotes("). [:modifier=val] specifies individual event modifiers along with the respective values for a given platform. Note that the modifiers can be generic to an event as well as specific to a constraint (or an event qualifier). The constraint specific special modifiers appear after [/constraint=]. The modifiers can be in decimal or hexadecimal format. Only specific modifiers accept the value as a string. Each event specification is delimited by a comma (,). For a list of supported modifiers and constraints, refer to the documentation.
59 [140079848982400] INFO perfrun.launcher <> - the option was added --chipset-event-config: Perform data collection for the chipset events with <string> configured using the format "<event name1>"...,"<event name2>":... Specify the events(s) to monitor and embed the event names within double quotes(").
59 [140079848982400] INFO perfrun.launcher <> - the option was added --uncore-event-config: Perform uncore data collection in ebc count mode for the events with <string> configured using the format "<event name1>"...,"<event name2>":... Specify the events(s) to monitor and embed the event names within double quotes(").
60 [140079848982400] INFO perfrun.launcher <> - the option was added --count-emon: Enable counting mode and output the data in EMON format.
60 [140079848982400] INFO perfrun.launcher <> - the option was added --event-based-counts: Enable event-based counting mode. During sampling data collection, event counts data is collected for the list of events specified in -event-config option.
60 [140079848982400] INFO perfrun.launcher <> - the option was added --event-mux-tfactor: Specify the event multiplexing tfactor as <integer> to set the length of the interval between interrupts. The larger the tfactor value, the larger the period between interrupts. Currently this option is only available on Intel platforms codenamed Knights Corner.
60 [140079848982400] INFO perfrun.launcher <> - the option was added --full-pebs-capture: Capture full pebs information.
60 [140079848982400] INFO perfrun.launcher <> - the option was added --last-branch-records: Capture Last Branch Records information.
60 [140079848982400] INFO perfrun.launcher <> - the option was added --pmu-type: Specify the targeted PMU name as <string>.
60 [140079848982400] INFO perfrun.launcher <> - the option was added --platform-type: Specify the targeted platform number as <number>.
60 [140079848982400] INFO perfrun.launcher <> - the option was added --p-state-trigger: Specify the name of the trigger event for P-state data as <string>. The default trigger is CPU_CLK_UNHALTED.REF_TSC.
60 [140079848982400] INFO perfrun.launcher <> - the option was added --bts-count: Specify the <integer> number of BTS records collected after each sample or context switch (VTSS++ only).
60 [140079848982400] INFO perfrun.launcher <> - the option was added --cpu-mask: Specify which CPU(s) <string> to collect data on. For example, specify "2-8,10,12-14" to sample only CPUs 2 through 8, 10, and 12 through 14.
60 [140079848982400] INFO perfrun.launcher <> - the option was added --event-mux-alg: Specify the event multiplexing algorithm. Possible values: sequence, timer, trigger.
60 [140079848982400] INFO perfrun.launcher <> - the option was added --event-mux-timeslice: Specify the event multiplexing time slice value as <integer>. The time slice specifies the duration between cycles for each event multiplexing group. The default value is 50 milliseconds. This option is valid only for timer-based event multiplexing. Specify the event multiplexing time slice value as <integer>. The time slice specifies the duration between cycles for each event multiplexing group. The default value is 1 millisecond. This option is valid only for timer-based event multiplexing.
60 [140079848982400] INFO perfrun.launcher <> - the option was added --event-mux-factor: Specify the event multiplexing factor as <integer>. It controls the switching of event multiplexing groups. The default factor is 50. This option is valid only for trigger-based event multiplexing. Specify the event multiplexing factor as <integer>. It controls the switching of event multiplexing groups. The default factor is 1. This option is valid only for trigger-based event multiplexing.
60 [140079848982400] INFO perfrun.launcher <> - the option was added --event-mux-trigger: Specify the name of the trigger event for event multiplexing as <string>. This option is valid only for trigger-based event multiplexing. The default trigger is CPU_CLK_UNHALTED.CORE (or CPU_CLK_UNHALTED.THREAD). BADMSG: perfrun1.vtsspp::event-mux-trigger
60 [140079848982400] INFO perfrun.launcher <> - the option was added --pt-mode: BADMSG: perfrun1.vtsspp::pt-mode
61 [140079848982400] INFO perfrun.launcher <> - the option was added --sample-after-multiplier: Specify the sample after multiplier as <double>. This multiplier modifies the sample after value for all the events specified in -event-config option. The values can range from 0.1 to 100.0. SAV multiplier value
61 [140079848982400] INFO perfrun.launcher <> - the option was added --uncore-sampling-interval: Specify the uncore sampling interval as <integer>. This value set the uncore sampling interval for all the uncore events specified in -event-config option.
61 [140079848982400] INFO perfrun.launcher <> - the option was added --count: Enable counting mode. Enable counting mode
61 [140079848982400] INFO perfrun.launcher <> - the option was added --trace-mpi: Configure collector to trace MPI code.
61 [140079848982400] INFO perfrun.launcher <> - the option was added --aggregated-counting: Enable aggregated counting mode. Enable aggregated-counting mode
61 [140079848982400] INFO perfrun.launcher <> - the option was added --perf-per-cpu: System-wide collection from all CPUs
61 [140079848982400] INFO perfrun.launcher <> - the option was added --raw-perf-config: Specify a verified configuration for the Perf collector in the format: <describer>,<content>. For example: map-events-file,<path_to_map_events_file>.
61 [140079848982400] INFO perfrun.launcher <> - the option was added --sys-config: BADMSG: perfrun1.vtsspp::sys-config Specify types of system data to be collected. Supported value: cswitch - collect context switch information.
61 [140079848982400] INFO perfrun.launcher <> - the option was added --perf-event-config: Specify events for Perf collector in Perf format. For example: perf-event-config=cpu-clock.
61 [140079848982400] INFO perfrun.launcher <> - the option was added --perf-aio: Number of control blocks in asynchronous trace writing mode.
61 [140079848982400] INFO perfrun.launcher <> - the option was added --perf-compression: Specify compression of Perf collector output data. Possible levels: 0 - without compression, 1..3 - best speed, 4..22 - best compression that incurs big overhead.
61 [140079848982400] INFO perfrun.launcher <> - the option was added --perf-mmap-flush: Minimum data size read from the kernel mapped region.
61 [140079848982400] INFO perfrun.launcher <> - the option was added --perf-affinity: Adjust an affinity mask of the Perf thread to a node with an allocated memory trace buffer.
61 [140079848982400] INFO perfrun.launcher <> - the option was added --perf-threads: Setup threading mode for trace writing.
61 [140079848982400] INFO perfrun.launcher <> - the option was added --aocl-profile: Enable profiling data collection through the aocl profiling tool.
61 [140079848982400] INFO perfrun.launcher <> - the option was added --aocl-source-file: Path to .source file that can be found in the compilation output directory of FPGA application. This option is recommended for accurate attribution of performance statistics to the source lines. If not specified, the profiler will try to find the file in the current directory.
62 [140079848982400] INFO perfrun.launcher <> - the option was added --stackwalk: Specify stack unwinding method. Possible values: online - unwind stacks during collection; offline - unwind stacks after collection is finished. Specify stack unwinding method. Possible value: lbr - unwind stacks during collection. Specify stack unwinding method. Possible values: online - unwind stacks during collection; offline - unwind stacks after collection is finished; lbr - enable LBR-based call stack collection. Specify stack unwinding method. Possible values: online - unwind stacks during collection; offline - unwind stacks after collection is finished. Specify stack unwinding method. Possible values: online - unwind stacks during collection; offline - unwind stacks after collection is finished.
62 [140079848982400] INFO perfrun.launcher <> - the option was added --filter-include: Filter data during collection. Possible values: contended=<on|off> - filter out uncontended events; contended_nostack=<time> - filter out stacks for contended events that take less than <time> microseconds; wait=<time> - ignore transitions and blocks with wait time less than <time> microseconds; wait_nostack=<time> - filter out stacks for waits that take less than <time> microseconds.
62 [140079848982400] INFO perfrun.launcher <> - the option was added --debug-pin: Debug PIN tool and runtime.
62 [140079848982400] INFO perfrun.launcher <> - the option was added --debug-exception: Disallow the application to set own abnormal termination handler.
62 [140079848982400] INFO perfrun.launcher <> - the option was added --trace-type: Specify the trace file granularity. Possible values: per-thread - per-thread trace file generation; per-process - per-process trace file generation.
62 [140079848982400] INFO perfrun.launcher <> - the option was added --instrumentation-type: Specify type of instrumentation.
62 [140079848982400] INFO perfrun.launcher <> - the option was added --altstack: Enable or disable usage of altstacks for profiling signal handlers.
62 [140079848982400] INFO perfrun.launcher <> - the option was added --profiling-signal: BADMSG: perfrun1.ptracecollector::profiling-signal Alternate profiling signal.
62 [140079848982400] INFO perfrun.launcher <> - the option was added --memory-strategy: Specify a minimal memory object size to be traced and a hash table size for faster objects search; for example: --memory-strategy obj-size-min=1024,hash-table-size=4096.
62 [140079848982400] INFO perfrun.launcher <> - the option was added --gpu-profiling-type: Specify a type of deep GPU profiling: none, bblatency, memlatency, instcount.
62 [140079848982400] INFO perfrun.launcher <> - the option was added --opencl-trace-mode: Specify OpenCL kernel tracing modes: 'default' to trace OpenCL kernels for Intel Graphics Driver only; 'epoch' for any non-Intel graphics, where OpenCL kernels will be traced and OpenCL profiling API timestamps will be interpreted as Unux Epoch time in nanoseconds; 'completion' to trace OpenCL kernels for any Graphics Driver and bind OpenCL profiling API timestamps to the timestamp of OpenCL completion callback.
62 [140079848982400] INFO perfrun.launcher <> - the option was added --gpu-kernels-to-profile: Specify a comma-separated list of GPU kernel names and invocations to be profiled in the following format: kernel_name[#start_idx#step#stop_idx], where kernel_name is the name of GPU kernel; start_idx is the number of the first invocation; and stop_idx is the number of the last invocation to be profiled.
62 [140079848982400] INFO perfrun.launcher <> - the option was added --exprof-com-list: List available COM ports.
62 [140079848982400] INFO perfrun.launcher <> - the option was added --exprof-dvc-list: List available DvC IDs.
62 [140079848982400] INFO perfrun.launcher <> - the option was added --exprof-trace-channel: BADMSG: perfrun1.exprof::exprof-trace-channel
63 [140079848982400] INFO perfrun.launcher <> - the option was added --exprof-event-config: Specify ExactProfiling Event Classes.
63 [140079848982400] INFO perfrun.launcher <> - the option was added --ice-pmons-list: BADMSG: perfrun1.ice::ice-pmons-list
63 [140079848982400] INFO perfrun.launcher <> - the option was added --ice-pmons-config: BADMSG: perfrun1.ice::ice-pmons-config
63 [140079848982400] INFO perfrun.launcher <> - the option was added --ice-sw-trace: Collect software traces of the Intel Neural Network Processor (NNP-I) and analyze software context of inference progress.
63 [140079848982400] INFO perfrun.launcher <> - the option was added --ice-sample-after-value: BADMSG: perfrun1.ice::ice-sample-after-value
63 [140079848982400] INFO perfrun.launcher <> - the option was added --ice-frequency: BADMSG: perfrun1.ice::ice-frequency
63 [140079848982400] INFO perfrun.launcher <> - the option was added --parallel-fs-config: Specify parallel fs counters to collect.
63 [140079848982400] INFO perfrun.launcher <> - the option was added --pwr-config: BADMSG: perfrun1.vtsspp::pwr-config Specify power metrics configuration.
63 [140079848982400] INFO perfrun.launcher <> - the option was added --collect-topology: Collect topology info with hwloc.
63 [140079848982400] INFO perfrun.launcher <> - the option was added --persistent-mem-metrics: Collect Persistent Memory performance counters.
63 [140079848982400] INFO perfrun.launcher <> - the option was added --os-counters: Collect OS counters
64 [140079848982400] INFO perfrun.launcher <> - create msngr2::ICliToolContext
64 [140079848982400] INFO perfrun.launcher <> - create file finder object
84 [140079732016896] INFO perfrun.launcher <> - plugin [remoteplug] was disabled because it doesn't support the given collection type.
84 [140079732016896] INFO perfrun.launcher <> - plugin [system] was disabled because it doesn't support the given collection type.
85 [140079732016896] INFO perfrun.vdso <> - dumping [vdso] pseudomodule
86 [140079732016896] INFO perfrun.launcher <> - plugin [itt] was disabled because it doesn't support the given collection type.
86 [140079732016896] INFO perfrun.launcher <> - plugin [ptracecollector] was disabled because it doesn't support the given collection type.
86 [140079732016896] INFO perfrun.launcher <> - plugin [gpu] was disabled because it doesn't support the given collection type.
86 [140079732016896] INFO perfrun.launcher <> - plugin [] was disabled because it doesn't support the given collection type.
86 [140079732016896] INFO perfrun.launcher <> - plugin [] was disabled because it doesn't support the given collection type.
86 [140079732016896] INFO perfrun.launcher <> - plugin [] was disabled because it doesn't support the given collection type.
86 [140079732016896] INFO perfrun.launcher <> - plugin [mrte] was disabled because it doesn't support the given collection type.
86 [140079732016896] INFO perfrun.launcher <> - plugin [emon] was disabled because it doesn't support the given collection type.
86 [140079732016896] INFO perfrun.launcher <> - plugin [cuscol] was disabled because it doesn't support the given collection type.
86 [140079732016896] INFO perfrun.launcher <> - plugin [stdsrc] was disabled because it doesn't support the given collection type.
86 [140079732016896] INFO perfrun.launcher <> - plugin [sep] was disabled because it doesn't support the given collection type.
86 [140079732016896] INFO perfrun.launcher <> - plugin [vtsspp] was disabled because it doesn't support the given collection type.
86 [140079732016896] INFO perfrun.launcher <> - plugin [perf] was disabled because it doesn't support the given collection type.
87 [140079732016896] INFO perfrun.launcher <> - plugin [aoclprofile] was disabled because it doesn't support the given collection type.
87 [140079732016896] INFO perfrun.launcher <> - plugin [tpss] was disabled because it doesn't support the given collection type.
87 [140079732016896] INFO perfrun.launcher <> - plugin [exprof] was disabled because it doesn't support the given collection type.
87 [140079732016896] INFO perfrun.launcher <> - plugin [media] was disabled because it doesn't support the given collection type.
87 [140079732016896] INFO perfrun.launcher <> - plugin [ice] was disabled because it doesn't support the given collection type.
87 [140079732016896] INFO perfrun.launcher <> - plugin [] was disabled because it doesn't support the given collection type.
87 [140079732016896] INFO perfrun.launcher <> - plugin [] was disabled because it doesn't support the given collection type.
87 [140079732016896] INFO perfrun.launcher <> - plugin [parallelfs] was disabled because it doesn't support the given collection type.
87 [140079732016896] INFO perfrun.launcher <> - plugin [power] was disabled because it doesn't support the given collection type.
87 [140079732016896] INFO perfrun.launcher <> - plugin [hwloc] was disabled because it doesn't support the given collection type.
87 [140079732016896] INFO perfrun.launcher <> - plugin [ipmwatch] was disabled because it doesn't support the given collection type.
87 [140079732016896] INFO perfrun.launcher <> - plugin [os_counters] was disabled because it doesn't support the given collection type.
87 [140079848982400] INFO perfrun.launcher <> - Application exit code: 0
87 [140079848982400] INFO perfrun.launcher <> - Exit code: 0
